<?xml version="1.0" encoding="UTF-8"?>
<testng-results ignored="0" total="1" passed="1" failed="0" skipped="0">
  <reporter-output>
  </reporter-output>
  <suite started-at="2021-07-01T01:42:24 EDT" name="Default suite" finished-at="2021-07-01T01:42:25 EDT" duration-ms="1849">
    <groups>
    </groups>
    <test started-at="2021-07-01T01:42:24 EDT" name="Default test" finished-at="2021-07-01T01:42:25 EDT" duration-ms="1849">
      <class name="GET_Test">
        <test-method signature="test()[pri:0, instance:GET_Test@f381794]" started-at="2021-07-01T01:42:24 EDT" name="test" finished-at="2021-07-01T01:42:25 EDT" duration-ms="1817" status="PASS">
          <reporter-output>
          </reporter-output>
        </test-method> <!-- test -->
      </class> <!-- GET_Test -->
    </test> <!-- Default test -->
  </suite> <!-- Default suite -->
</testng-results>
